<?xml version="1.0" encoding="UTF-8"?><testsuite errors="0" failures="2" name="com.bestbuy.api.bestbuyapiinfo.ServicesCRUDWithSteps" skipped="0" tests="3" time="3.3" timestamp="2022-01-11T21:53:43.520Z[Europe/London]"><testcase classname="com.bestbuy.api.bestbuyapiinfo.ServicesCRUDWithSteps" name="Create new service record"/><testcase classname="com.bestbuy.api.bestbuyapiinfo.ServicesCRUDWithSteps" name="Update service "><failure message="1 expectation failed.&#10;Expected status code &lt;200&gt; but was &lt;404&gt;.&#10;" type="java.lang.AssertionError">1 expectation failed.
Expected status code &lt;200&gt; but was &lt;404&gt;.
</failure><system-err>1 expectation failed.
Expected status code &lt;200&gt; but was &lt;404&gt;.
&#13;
io.restassured.internal.ResponseSpecificationImpl.validateResponseIfRequired(ResponseSpecificationImpl.groovy:636)&#13;
io.restassured.internal.ResponseSpecificationImpl.statusCode(ResponseSpecificationImpl.groovy:122)&#13;
io.restassured.internal.ResponseSpecificationImpl.statusCode(ResponseSpecificationImpl.groovy:130)&#13;
io.restassured.internal.ValidatableResponseOptionsImpl.statusCode(ValidatableResponseOptionsImpl.java:117)&#13;
com.bestbuy.api.bestbuyapiinfo.ServicesCRUDWithSteps.test003(ServicesCRUDWithSteps.java:34)&#13;
</system-err></testcase><testcase classname="com.bestbuy.api.bestbuyapiinfo.ServicesCRUDWithSteps" name="Delete service "><failure message="1 expectation failed.&#10;Expected status code &lt;200&gt; but was &lt;404&gt;.&#10;" type="java.lang.AssertionError">1 expectation failed.
Expected status code &lt;200&gt; but was &lt;404&gt;.
</failure><system-err>1 expectation failed.
Expected status code &lt;200&gt; but was &lt;404&gt;.
&#13;
io.restassured.internal.ResponseSpecificationImpl.validateResponseIfRequired(ResponseSpecificationImpl.groovy:636)&#13;
io.restassured.internal.ResponseSpecificationImpl.statusCode(ResponseSpecificationImpl.groovy:122)&#13;
io.restassured.internal.ResponseSpecificationImpl.statusCode(ResponseSpecificationImpl.groovy:130)&#13;
io.restassured.internal.ValidatableResponseOptionsImpl.statusCode(ValidatableResponseOptionsImpl.java:117)&#13;
com.bestbuy.api.bestbuyapiinfo.ServicesCRUDWithSteps.test004(ServicesCRUDWithSteps.java:40)&#13;
</system-err></testcase></testsuite>